2024-11-02 14:55:30,560 - pyswarms.single.global_best - INFO - Optimize for 100 iters with {'c1': 0.5, 'c2': 0.3, 'w': 0.9}
2024-11-02 14:55:30,842 - pyswarms.single.global_best - INFO - Optimization finished | best cost: 5.090221872804255e-08, best pos: [ 2.24507321e-04 -2.23311767e-05]
2024-11-02 14:56:10,213 - pyswarms.single.local_best - INFO - Optimize for 10 iters with {'c1': 4.765379775838627, 'c2': 8.852342214874376, 'w': 2.947848812153738, 'k': 12, 'p': 1}
2024-11-02 14:56:10,247 - pyswarms.single.local_best - INFO - Optimization finished | best cost: 4.192472145967878, best pos: [0.15859995 0.12197475 0.37073502 0.58764869 0.74522304 0.65510854
 0.75025231 0.19327239 0.01429326 0.33905629 0.57297881 0.09051821
 0.70412382 0.398146   0.90406475 0.18428193 0.22397326 0.12933943
 0.06073385 0.23887458]
2024-11-02 14:56:10,261 - pyswarms.single.local_best - INFO - Optimize for 10 iters with {'c1': 1.7377327800516946, 'c2': 7.088568420779255, 'w': 2.768136344762381, 'k': 12, 'p': 1}
2024-11-02 14:56:10,294 - pyswarms.single.local_best - INFO - Optimization finished | best cost: 3.9806397216046396, best pos: [0.37037372 0.44371643 0.02406336 0.5308196  0.81041971 0.35824307
 0.1644382  0.20773218 0.21061106 0.22109018 0.28236294 0.19012415
 0.7079822  0.3640609  0.15006674 0.86787006 0.42634291 0.67351824
 0.23879857 0.44484617]
2024-11-02 14:56:10,309 - pyswarms.single.local_best - INFO - Optimize for 10 iters with {'c1': 3.920224985680083, 'c2': 7.614452700952397, 'w': 3.5403042821886364, 'k': 11, 'p': 1}
2024-11-02 14:56:10,345 - pyswarms.single.local_best - INFO - Optimization finished | best cost: 4.7525573872880384, best pos: [0.5517533  0.59328503 0.15690895 0.24541763 0.48783639 0.4936208
 0.56215766 0.52935926 0.69179297 0.36087581 0.44446407 0.04356112
 0.72324859 0.0126094  0.68801052 0.38119407 0.9054237  0.07927462
 0.3954306  0.02807972]
2024-11-02 14:56:10,360 - pyswarms.single.local_best - INFO - Optimize for 10 iters with {'c1': 1.1205117047549256, 'c2': 6.888086027322201, 'w': 4.2423452476851065, 'k': 14, 'p': 1}
2024-11-02 14:56:10,395 - pyswarms.single.local_best - INFO - Optimization finished | best cost: 4.262323557587491, best pos: [0.00497176 0.59918813 0.48582575 0.75962009 0.1028687  0.69020797
 0.35340117 0.17469785 0.79636725 0.13320265 0.72953902 0.56343533
 0.44843011 0.10749206 0.18006478 0.82633051 0.10660551 0.07564865
 0.03398249 0.00895783]
2024-11-02 14:56:10,411 - pyswarms.single.local_best - INFO - Optimize for 10 iters with {'c1': 3.7796155276717305, 'c2': 6.415647993555998, 'w': 4.887831740701378, 'k': 12, 'p': 1}
2024-11-02 14:56:10,444 - pyswarms.single.local_best - INFO - Optimization finished | best cost: 2.3768248956125593, best pos: [0.38384989 0.05654366 0.44641883 0.15395615 0.43853614 0.03307775
 0.178834   0.15099646 0.13224095 0.6125571  0.08698872 0.79430848
 0.07807347 0.05704546 0.10538467 0.08818578 0.10147302 0.08749966
 0.20439461 0.79745582]
2024-11-02 14:56:10,458 - pyswarms.single.local_best - INFO - Optimize for 10 iters with {'c1': 4.988249367237206, 'c2': 7.917175753383525, 'w': 4.0735080465964195, 'k': 11, 'p': 1}
2024-11-02 14:56:10,496 - pyswarms.single.local_best - INFO - Optimization finished | best cost: 3.9837557550620497, best pos: [0.49803152 0.049235   0.49939076 0.22145307 0.3338045  0.4985315
 0.42603881 0.2494261  0.81552087 0.26683705 0.30997191 0.44096523
 0.18331403 0.13704903 0.35963883 0.90847454 0.19380823 0.37853898
 0.65172522 0.4378598 ]
2024-11-02 14:56:10,511 - pyswarms.single.local_best - INFO - Optimize for 10 iters with {'c1': 3.4451392996579826, 'c2': 8.356762228749892, 'w': 4.973941154014026, 'k': 13, 'p': 1}
2024-11-02 14:56:10,548 - pyswarms.single.local_best - INFO - Optimization finished | best cost: 4.182912201332219, best pos: [0.08505806 0.79416011 0.16058296 0.02269319 0.39971172 0.28483603
 0.7737186  0.60961766 0.08104637 0.50414476 0.61076512 0.12287275
 0.12989552 0.0294485  0.37159709 0.33698614 0.61822711 0.05417457
 0.94146477 0.34317362]
2024-11-02 14:56:10,563 - pyswarms.single.local_best - INFO - Optimize for 10 iters with {'c1': 1.3326135496826517, 'c2': 7.226869418227933, 'w': 4.609890820567491, 'k': 14, 'p': 1}
2024-11-02 14:56:10,595 - pyswarms.single.local_best - INFO - Optimization finished | best cost: 3.4602418718710513, best pos: [0.31650931 0.30884446 0.68779677 0.34851978 0.39744076 0.59686877
 0.28457744 0.63117335 0.3490431  0.10794948 0.27746415 0.55466633
 0.29875908 0.51429736 0.50733918 0.27770895 0.54179726 0.15185117
 0.30949564 0.24038065]
2024-11-02 14:56:10,608 - pyswarms.single.local_best - INFO - Optimize for 10 iters with {'c1': 2.543756986248092, 'c2': 6.564773605485418, 'w': 4.2482909604094985, 'k': 11, 'p': 1}
2024-11-02 14:56:10,647 - pyswarms.single.local_best - INFO - Optimization finished | best cost: 4.592731325165452, best pos: [0.41292303 0.46165322 0.68643365 0.62018346 0.76406017 0.23415719
 0.41361073 0.66663285 0.30847463 0.20235186 0.17620519 0.17638563
 0.2211412  0.27490074 0.57966222 0.08161726 0.47319497 0.24772627
 0.9694363  0.45683446]
2024-11-02 14:56:10,662 - pyswarms.single.local_best - INFO - Optimize for 10 iters with {'c1': 3.415702121434156, 'c2': 6.196907412379419, 'w': 4.854297572433913, 'k': 14, 'p': 1}
2024-11-02 14:56:10,695 - pyswarms.single.local_best - INFO - Optimization finished | best cost: 4.580724758242258, best pos: [0.4632097  0.12570624 0.08157114 0.10094886 0.57390205 0.19962027
 0.57349434 0.37883099 0.46841822 0.09867151 0.74136912 0.23721225
 0.93804138 0.68132326 0.34404146 0.67726962 0.15422033 0.57566471
 0.3814982  0.484715  ]
2024-11-02 14:56:10,708 - pyswarms.single.local_best - INFO - Optimize for 10 iters with {'c1': 4.940070145923013, 'c2': 7.6196029315136276, 'w': 3.860737695583924, 'k': 14, 'p': 1}
2024-11-02 14:56:10,739 - pyswarms.single.local_best - INFO - Optimization finished | best cost: 4.580266144859449, best pos: [0.70780681 0.10891425 0.11696574 0.40989162 0.46448881 0.07479878
 0.16530772 0.56584591 0.63492932 0.98694493 0.80325344 0.56308174
 0.34213602 0.58776599 0.3532551  0.05007867 0.09801897 0.33394979
 0.40405033 0.32122543]
2024-11-02 14:56:10,752 - pyswarms.single.local_best - INFO - Optimize for 10 iters with {'c1': 2.8593581745547216, 'c2': 6.518953089628695, 'w': 3.4377688432279374, 'k': 13, 'p': 1}
2024-11-02 14:56:10,785 - pyswarms.single.local_best - INFO - Optimization finished | best cost: 3.745533179408046, best pos: [0.53519876 0.41347219 0.41184556 0.1810264  0.74717366 0.13585405
 0.43611336 0.17067056 0.39476826 0.53619926 0.80127848 0.55720031
 0.04166323 0.32934139 0.0190177  0.19336981 0.16728418 0.68885015
 0.00228783 0.49332634]
2024-11-02 14:56:10,798 - pyswarms.single.local_best - INFO - Optimize for 10 iters with {'c1': 4.5809639200000625, 'c2': 6.024396017986895, 'w': 4.265863816491542, 'k': 13, 'p': 1}
2024-11-02 14:56:10,830 - pyswarms.single.local_best - INFO - Optimization finished | best cost: 3.6074288925681626, best pos: [0.31172223 0.19843892 0.54274907 0.05122827 0.74720374 0.73176936
 0.31595581 0.04904124 0.09549184 0.28834108 0.45583263 0.12363081
 0.5906219  0.7618279  0.13330623 0.58785174 0.12091165 0.43289804
 0.38132074 0.1494558 ]
2024-11-02 14:56:10,845 - pyswarms.single.local_best - INFO - Optimize for 10 iters with {'c1': 4.533049727706377, 'c2': 8.838701306914308, 'w': 2.8638734884572354, 'k': 12, 'p': 1}
2024-11-02 14:56:10,879 - pyswarms.single.local_best - INFO - Optimization finished | best cost: 3.9591121767974675, best pos: [0.59776489 0.24740862 0.33185176 0.24556931 0.38275038 0.40617126
 0.17625061 0.20976744 0.32343865 0.06295874 0.53165213 0.31032945
 0.17623239 0.72001223 0.28406934 0.41569596 0.59468705 0.58807254
 0.71350112 0.69608495]
2024-11-02 14:56:10,892 - pyswarms.single.local_best - INFO - Optimize for 10 iters with {'c1': 2.430212188926985, 'c2': 7.525806337583331, 'w': 3.3140169269316577, 'k': 14, 'p': 1}
2024-11-02 14:56:10,925 - pyswarms.single.local_best - INFO - Optimization finished | best cost: 3.590960670890222, best pos: [0.39880255 0.14961319 0.31305301 0.43023488 0.61799926 0.26668553
 0.78591698 0.43748501 0.92839482 0.54237834 0.04273996 0.12432624
 0.27826799 0.19896267 0.12241195 0.42036494 0.210134   0.53306945
 0.23200804 0.00966347]
2024-11-02 14:56:10,938 - pyswarms.single.local_best - INFO - Optimize for 10 iters with {'c1': 1.3977577582724305, 'c2': 6.2490064603137325, 'w': 4.5913464266018265, 'k': 11, 'p': 1}
2024-11-02 14:56:10,967 - pyswarms.single.local_best - INFO - Optimization finished | best cost: 4.049788009020237, best pos: [6.85252015e-01 4.78127549e-01 6.81907570e-03 5.41020736e-01
 3.07700487e-01 1.71397201e-01 1.14213584e-01 2.26632766e-01
 3.36518386e-01 1.81090269e-02 3.25858157e-04 5.32642494e-01
 2.63807528e-01 3.72203064e-01 4.04355602e-01 6.29615753e-01
 3.41883623e-01 8.56724297e-01 4.13146743e-01 8.26750998e-01]
2024-11-02 14:56:10,982 - pyswarms.single.local_best - INFO - Optimize for 10 iters with {'c1': 1.7829209873838843, 'c2': 9.79658695098723, 'w': 3.0529538438212556, 'k': 14, 'p': 1}
2024-11-02 14:56:11,015 - pyswarms.single.local_best - INFO - Optimization finished | best cost: 4.076728204653211, best pos: [0.6001579  0.95513379 0.29583932 0.66814894 0.1917675  0.03532921
 0.10870626 0.21400583 0.19530438 0.68309559 0.11132836 0.19645288
 0.34888275 0.70848106 0.54126864 0.43757304 0.58456565 0.32577953
 0.17238954 0.18234769]
2024-11-02 14:56:11,028 - pyswarms.single.local_best - INFO - Optimize for 10 iters with {'c1': 2.0666444416138723, 'c2': 6.998528560833128, 'w': 4.609037361029424, 'k': 13, 'p': 1}
2024-11-02 14:56:11,061 - pyswarms.single.local_best - INFO - Optimization finished | best cost: 4.158026781649268, best pos: [0.61527367 0.8722292  0.67228956 0.26918671 0.07646999 0.34782213
 0.1491619  0.12395835 0.04666942 0.53032267 0.48802103 0.28398127
 0.10910574 0.32947218 0.20492154 0.77383274 0.04726731 0.49271641
 0.11853865 0.84098317]
2024-11-02 14:56:11,076 - pyswarms.single.local_best - INFO - Optimize for 10 iters with {'c1': 2.1483606467485603, 'c2': 7.909266065770559, 'w': 2.0036981109057628, 'k': 11, 'p': 1}
2024-11-02 14:56:11,156 - pyswarms.single.local_best - INFO - Optimization finished | best cost: 3.419099668892354, best pos: [0.51369842 0.19837562 0.3544054  0.66035302 0.16382272 0.65444329
 0.90672924 0.39298481 0.38368352 0.45880865 0.33028766 0.16515569
 0.05769663 0.46091769 0.09865551 0.11509938 0.13748581 0.22914431
 0.54742094 0.13617569]
2024-11-02 14:56:11,182 - pyswarms.single.local_best - INFO - Optimize for 10 iters with {'c1': 2.5560263883904004, 'c2': 9.519281671097003, 'w': 4.635153948415596, 'k': 12, 'p': 1}
2024-11-02 14:56:11,216 - pyswarms.single.local_best - INFO - Optimization finished | best cost: 4.169202764390725, best pos: [0.20160516 0.94214277 0.27556338 0.25076126 0.07556576 0.09267146
 0.01409235 0.13797841 0.32228739 0.29381252 0.31471134 0.14369767
 0.40194028 0.47369391 0.62748045 0.8374764  0.55052107 0.56984929
 0.4282537  0.68296667]
2024-11-02 14:56:11,228 - pyswarms.single.local_best - INFO - Optimize for 10 iters with {'c1': 4.783439457871713, 'c2': 6.350448146487146, 'w': 2.7640744209005543, 'k': 13, 'p': 1}
2024-11-02 14:56:11,261 - pyswarms.single.local_best - INFO - Optimization finished | best cost: 4.312291139360955, best pos: [0.38917331 0.14065669 0.4044094  0.37460908 0.45729008 0.32319703
 0.32408901 0.50847205 0.80966363 0.33344134 0.1307101  0.466586
 0.20055487 0.88068547 0.7518206  0.38103484 0.56480741 0.12021949
 0.06104998 0.54319415]
2024-11-02 14:56:11,274 - pyswarms.single.local_best - INFO - Optimize for 10 iters with {'c1': 1.6443202894197033, 'c2': 8.895355902134249, 'w': 2.7831522494521197, 'k': 12, 'p': 1}
2024-11-02 14:56:11,305 - pyswarms.single.local_best - INFO - Optimization finished | best cost: 3.9893507550210034, best pos: [0.70894783 0.01920307 0.10080563 0.48220393 0.21052396 0.69115009
 0.02773728 0.41353052 0.61619049 0.55618632 0.18163825 0.0643169
 0.56318923 0.29574309 0.05670759 0.29545292 0.91920079 0.10155599
 0.54273094 0.42283452]
2024-11-02 14:56:11,318 - pyswarms.single.local_best - INFO - Optimize for 10 iters with {'c1': 3.7360314009763793, 'c2': 8.350014009324646, 'w': 3.001674611806209, 'k': 14, 'p': 1}
2024-11-02 14:56:11,349 - pyswarms.single.local_best - INFO - Optimization finished | best cost: 4.1033404242020906, best pos: [0.1623146  0.04374079 0.62797337 0.42255271 0.2381429  0.4786483
 0.74895149 0.12355527 0.14848853 0.27640395 0.18452369 0.24485401
 0.83542817 0.65271826 0.07147969 0.42105563 0.21645333 0.58748782
 0.8506974  0.16018824]
2024-11-02 14:56:11,364 - pyswarms.single.local_best - INFO - Optimize for 10 iters with {'c1': 3.860750510518536, 'c2': 8.826643560936063, 'w': 3.9692040082351974, 'k': 11, 'p': 1}
2024-11-02 14:56:11,395 - pyswarms.single.local_best - INFO - Optimization finished | best cost: 5.0511560026753815, best pos: [0.73789813 0.55676187 0.02087163 0.43813648 0.04853267 0.66878052
 0.33688567 0.15349049 0.19960429 0.43953745 0.3055773  0.20324037
 0.99018478 0.30730232 0.68847539 0.72698116 0.05693145 0.43907933
 0.33760756 0.81392555]
2024-11-02 14:56:11,407 - pyswarms.single.local_best - INFO - Optimize for 10 iters with {'c1': 2.7262808864515806, 'c2': 9.588759063847466, 'w': 3.433251858194472, 'k': 14, 'p': 1}
2024-11-02 14:56:11,438 - pyswarms.single.local_best - INFO - Optimization finished | best cost: 4.744597276758592, best pos: [0.43127932 0.28867226 0.40067305 0.53006954 0.58878042 0.37223223
 0.79488316 0.88250633 0.15751374 0.56054725 0.28106864 0.29315404
 0.27788223 0.08410765 0.30327492 0.42900742 0.12452205 0.6007552
 0.77711944 0.54154387]
2024-11-02 14:56:11,450 - pyswarms.single.local_best - INFO - Optimize for 10 iters with {'c1': 2.783362294370145, 'c2': 9.626536245107005, 'w': 3.5507010414428395, 'k': 12, 'p': 1}
2024-11-02 14:56:11,482 - pyswarms.single.local_best - INFO - Optimization finished | best cost: 3.9291829653518007, best pos: [0.14251816 0.12459874 0.47770256 0.32032252 0.6714289  0.70839769
 0.4586058  0.1806201  0.02352245 0.62654965 0.08543273 0.35490924
 0.89021704 0.70108138 0.11690145 0.6321085  0.08533448 0.24367418
 0.21705123 0.1719811 ]
2024-11-02 14:56:11,496 - pyswarms.single.local_best - INFO - Optimize for 10 iters with {'c1': 4.3090890023163695, 'c2': 9.172983414937086, 'w': 4.343949001649364, 'k': 14, 'p': 1}
2024-11-02 14:56:11,529 - pyswarms.single.local_best - INFO - Optimization finished | best cost: 4.388467131600112, best pos: [0.3785191  0.02660777 0.40841674 0.54008127 0.24309037 0.24387039
 0.06355113 0.10751915 0.91946436 0.88348796 0.10067387 0.02567533
 0.45397328 0.2167057  0.82525642 0.08614902 0.43066082 0.47871115
 0.40186914 0.70527347]
2024-11-02 14:56:11,543 - pyswarms.single.local_best - INFO - Optimize for 10 iters with {'c1': 4.13727885503061, 'c2': 6.774239905368777, 'w': 3.6568700489853905, 'k': 14, 'p': 1}
2024-11-02 14:56:11,576 - pyswarms.single.local_best - INFO - Optimization finished | best cost: 4.112049883490245, best pos: [0.52369781 0.7806733  0.12959052 0.5529085  0.37760598 0.08129864
 0.0429458  0.1428421  0.31490259 0.00477225 0.12759237 0.07419788
 0.56017319 0.15941947 0.41617347 0.04037855 0.67428784 0.90334277
 0.90425195 0.10497369]
2024-11-02 14:56:11,590 - pyswarms.single.local_best - INFO - Optimize for 10 iters with {'c1': 1.6894753552390673, 'c2': 9.577214392234678, 'w': 4.234110331399748, 'k': 12, 'p': 1}
2024-11-02 14:56:11,622 - pyswarms.single.local_best - INFO - Optimization finished | best cost: 4.448124170304211, best pos: [0.41519946 0.11776744 0.04385656 0.08082175 0.96724693 0.35462335
 0.73396605 0.1011901  0.30028027 0.34910503 0.06693699 0.45362001
 0.32357599 0.07526487 0.68493038 0.81099019 0.87282993 0.17464965
 0.03002733 0.43635708]
2024-11-02 14:56:11,635 - pyswarms.single.local_best - INFO - Optimize for 10 iters with {'c1': 4.070786206891865, 'c2': 9.896894523515996, 'w': 2.1582331088898288, 'k': 11, 'p': 1}
2024-11-02 14:56:11,677 - pyswarms.single.local_best - INFO - Optimization finished | best cost: 4.336411873319423, best pos: [0.27694779 0.54096447 0.36294854 0.4603307  0.13680552 0.94716977
 0.60257562 0.07469845 0.3010889  0.72203762 0.31770065 0.00391628
 0.03670561 0.32920137 0.44017084 0.01796958 0.4250719  0.69179684
 0.591468   0.55952686]
2024-11-02 14:56:11,692 - pyswarms.single.local_best - INFO - Optimize for 10 iters with {'c1': 4.91569756952717, 'c2': 7.58624510309539, 'w': 3.400899850729367, 'k': 14, 'p': 1}
2024-11-02 14:56:11,723 - pyswarms.single.local_best - INFO - Optimization finished | best cost: 3.4601956197268033, best pos: [0.05096546 0.20414972 0.89133541 0.656016   0.22620076 0.28091085
 0.38587756 0.04800897 0.4453339  0.1796204  0.3897939  0.54949636
 0.36556159 0.0853631  0.51091969 0.39750985 0.19286515 0.19816631
 0.76224503 0.08871526]
2024-11-02 14:56:11,735 - pyswarms.single.local_best - INFO - Optimize for 10 iters with {'c1': 2.261635588393847, 'c2': 6.090577378244573, 'w': 4.593386033473456, 'k': 11, 'p': 1}
2024-11-02 14:56:11,765 - pyswarms.single.local_best - INFO - Optimization finished | best cost: 3.4254798739620544, best pos: [0.25433383 0.30345251 0.1750325  0.1027223  0.04453509 0.23464182
 0.41035871 0.3155654  0.55838467 0.02514337 0.84929468 0.20407522
 0.85727144 0.5340294  0.03050092 0.55777293 0.27462006 0.29788252
 0.22822864 0.52796933]
2024-11-02 14:56:11,780 - pyswarms.single.local_best - INFO - Optimize for 10 iters with {'c1': 1.6889278131771168, 'c2': 7.34196604297904, 'w': 4.217636339130893, 'k': 12, 'p': 1}
2024-11-02 14:56:11,840 - pyswarms.single.local_best - INFO - Optimization finished | best cost: 3.7866399756256923, best pos: [0.54900914 0.33168254 0.04026217 0.25987058 0.35434016 0.87087412
 0.39428195 0.74644526 0.24838118 0.11708053 0.11257478 0.38849976
 0.11980692 0.19111289 0.71513219 0.80670812 0.05873219 0.44122129
 0.10221063 0.22089726]
2024-11-02 14:56:11,861 - pyswarms.single.local_best - INFO - Optimize for 10 iters with {'c1': 1.6192735998722156, 'c2': 7.632164402475911, 'w': 3.3564930588208695, 'k': 12, 'p': 1}
2024-11-02 14:56:11,899 - pyswarms.single.local_best - INFO - Optimization finished | best cost: 3.566384317645108, best pos: [0.62688788 0.62355053 0.0145746  0.14953701 0.34433811 0.27724573
 0.19302302 0.14820622 0.03741999 0.46828274 0.36996529 0.71463308
 0.07239242 0.43114637 0.41803781 0.64553078 0.65121539 0.1897668
 0.40277617 0.48391246]
2024-11-02 14:56:11,912 - pyswarms.single.local_best - INFO - Optimize for 10 iters with {'c1': 4.570749484780235, 'c2': 8.441306302755079, 'w': 2.258132840386822, 'k': 12, 'p': 1}
2024-11-02 14:56:11,948 - pyswarms.single.local_best - INFO - Optimization finished | best cost: 3.4835858961495463, best pos: [0.34309953 0.3479293  0.55003947 0.39108965 0.22136179 0.50493317
 0.28209277 0.13459318 0.0262935  0.5293557  0.20635878 0.61634429
 0.38351668 0.17596464 0.32147849 0.57351913 0.47205422 0.01889338
 0.66656935 0.63754841]
2024-11-02 14:56:11,969 - pyswarms.single.local_best - INFO - Optimize for 10 iters with {'c1': 3.2211418959325093, 'c2': 6.4897300513051395, 'w': 2.026118402654914, 'k': 12, 'p': 1}
2024-11-02 14:56:12,004 - pyswarms.single.local_best - INFO - Optimization finished | best cost: 3.811375353588613, best pos: [0.77500654 0.48178421 0.34938817 0.47928704 0.46629624 0.68721446
 0.97683818 0.14261659 0.43274641 0.08207863 0.23635731 0.33715849
 0.42594124 0.40107528 0.09961276 0.06883194 0.32910321 0.34622988
 0.02198914 0.11586799]
2024-11-02 14:56:12,021 - pyswarms.single.local_best - INFO - Optimize for 10 iters with {'c1': 3.9738257256269534, 'c2': 7.707054029395534, 'w': 4.9271117658829775, 'k': 11, 'p': 1}
2024-11-02 14:56:12,052 - pyswarms.single.local_best - INFO - Optimization finished | best cost: 3.777833065786296, best pos: [0.17516673 0.00316614 0.61500191 0.87445396 0.59748937 0.09134558
 0.32748486 0.03922503 0.06164163 0.20069061 0.27817774 0.22264046
 0.66165108 0.37395836 0.33526292 0.85524472 0.19846625 0.3501822
 0.48564755 0.37383193]
2024-11-02 14:56:12,065 - pyswarms.single.local_best - INFO - Optimize for 10 iters with {'c1': 2.1466643821120632, 'c2': 7.037274138862944, 'w': 4.82883842732887, 'k': 12, 'p': 1}
2024-11-02 14:56:12,096 - pyswarms.single.local_best - INFO - Optimization finished | best cost: 3.8532440888385633, best pos: [0.21345527 0.34045392 0.33422083 0.18365606 0.67949167 0.9572955
 0.47438455 0.80704571 0.53204645 0.287226   0.01356547 0.46336566
 0.09191633 0.14879318 0.78523908 0.03187231 0.03717609 0.21326035
 0.1267543  0.01596668]
2024-11-02 14:56:12,112 - pyswarms.single.local_best - INFO - Optimize for 10 iters with {'c1': 3.1862820269632346, 'c2': 8.817282852117378, 'w': 3.4094278186627154, 'k': 13, 'p': 1}
2024-11-02 14:56:12,145 - pyswarms.single.local_best - INFO - Optimization finished | best cost: 4.106561242445489, best pos: [0.69166541 0.32334779 0.8115858  0.09239061 0.1523878  0.0014193
 0.60036113 0.30035899 0.05362187 0.52932782 0.20665984 0.95491274
 0.11275397 0.41864558 0.19284881 0.62126332 0.59324421 0.42548847
 0.0240632  0.01419174]
2024-11-02 14:56:12,165 - pyswarms.single.local_best - INFO - Optimize for 10 iters with {'c1': 1.4127919989032187, 'c2': 8.77959183397537, 'w': 3.0013004954492484, 'k': 11, 'p': 1}
2024-11-02 14:56:12,201 - pyswarms.single.local_best - INFO - Optimization finished | best cost: 4.938036814984282, best pos: [0.5521276  0.84219684 0.42041629 0.10729377 0.30189409 0.01797269
 0.73770177 0.10830909 0.29741691 0.27981691 0.75049991 0.98073583
 0.74213079 0.56308859 0.13891344 0.48631083 0.08948993 0.25209551
 0.40625749 0.19016258]
2024-11-02 14:56:12,216 - pyswarms.single.local_best - INFO - Optimize for 10 iters with {'c1': 4.827294910020184, 'c2': 8.898999328490858, 'w': 3.1804997316599595, 'k': 14, 'p': 1}
2024-11-02 14:56:12,248 - pyswarms.single.local_best - INFO - Optimization finished | best cost: 2.4544161436949308, best pos: [0.29208013 0.2734329  0.50519203 0.04863947 0.09388927 0.08966638
 0.38570148 0.28921764 0.23215201 0.54542288 0.31338621 0.27031839
 0.24966678 0.30555566 0.27797847 0.3556508  0.28316148 0.54985036
 0.09696261 0.71655341]
2024-11-02 14:56:12,265 - pyswarms.single.local_best - INFO - Optimize for 10 iters with {'c1': 3.020442488186865, 'c2': 8.084595545534034, 'w': 4.082902577576959, 'k': 11, 'p': 1}
2024-11-02 14:56:12,299 - pyswarms.single.local_best - INFO - Optimization finished | best cost: 4.419609854332901, best pos: [0.35986008 0.93257867 0.58636117 0.30765123 0.33399996 0.79976109
 0.06672047 0.51839676 0.32293289 0.3471801  0.24376944 0.20579371
 0.85133126 0.13344076 0.48084845 0.48479733 0.16290725 0.26434734
 0.53042751 0.21070685]
2024-11-02 14:56:12,316 - pyswarms.single.local_best - INFO - Optimize for 10 iters with {'c1': 1.7080421270838615, 'c2': 7.604143635677005, 'w': 3.3215265969819834, 'k': 13, 'p': 1}
2024-11-02 14:56:12,377 - pyswarms.single.local_best - INFO - Optimization finished | best cost: 3.3921632306672937, best pos: [0.43806228 0.2880648  0.36608468 0.37414208 0.59949481 0.36750251
 0.33332974 0.12849167 0.46835474 0.28647012 0.21022014 0.53695045
 0.30995588 0.760155   0.39383618 0.40420809 0.02274971 0.6003368
 0.45283946 0.16999332]
2024-11-02 14:56:12,407 - pyswarms.single.local_best - INFO - Optimize for 10 iters with {'c1': 4.876292848411307, 'c2': 9.553367661570014, 'w': 3.4413352238534722, 'k': 13, 'p': 1}
2024-11-02 14:56:12,448 - pyswarms.single.local_best - INFO - Optimization finished | best cost: 4.246456421277885, best pos: [0.65410041 0.01681846 0.32398006 0.64716516 0.1338815  0.30333682
 0.34866543 0.78859668 0.54747633 0.417992   0.80695487 0.02846229
 0.28703969 0.72668075 0.38800794 0.47916196 0.41256212 0.26405844
 0.08104443 0.27858765]
2024-11-02 14:56:12,464 - pyswarms.single.local_best - INFO - Optimize for 10 iters with {'c1': 2.268008432647858, 'c2': 7.758675540393792, 'w': 3.201802117700072, 'k': 12, 'p': 1}
2024-11-02 14:56:12,495 - pyswarms.single.local_best - INFO - Optimization finished | best cost: 4.338719377061005, best pos: [0.34202265 0.5773818  0.75348631 0.20920724 0.88741238 0.2133495
 0.03559288 0.21344577 0.73315214 0.68306109 0.75410257 0.30649527
 0.10935519 0.60708269 0.20929668 0.05128416 0.08659778 0.36362331
 0.25982374 0.31007908]
2024-11-02 14:56:12,513 - pyswarms.single.local_best - INFO - Optimize for 10 iters with {'c1': 2.1717928968679385, 'c2': 6.919163890680847, 'w': 2.664550961055929, 'k': 11, 'p': 1}
2024-11-02 14:56:12,544 - pyswarms.single.local_best - INFO - Optimization finished | best cost: 4.590968252185304, best pos: [0.26651618 0.19302451 0.25538272 0.50332912 0.39177534 0.37342252
 0.86747106 0.45290683 0.91207873 0.09650536 0.3849953  0.29148123
 0.67313271 0.32783504 0.00465204 0.08707168 0.58571574 0.03950115
 0.37544939 0.88622784]
2024-11-02 14:56:12,559 - pyswarms.single.local_best - INFO - Optimize for 10 iters with {'c1': 2.4723319757913327, 'c2': 7.061776396418712, 'w': 3.2488667380206353, 'k': 11, 'p': 1}
2024-11-02 14:56:12,589 - pyswarms.single.local_best - INFO - Optimization finished | best cost: 3.6898776146230903, best pos: [0.7001309  0.41909698 0.2400734  0.23020102 0.21849572 0.07336086
 0.52337579 0.06180051 0.017856   0.82830098 0.02124351 0.59989841
 0.69623112 0.51483659 0.13041072 0.09599878 0.14939536 0.78308858
 0.00091227 0.35251259]
2024-11-02 14:56:12,599 - pyswarms.single.local_best - INFO - Optimize for 10 iters with {'c1': 2.4877009965007977, 'c2': 6.625611206747182, 'w': 3.5011479437697033, 'k': 13, 'p': 1}
2024-11-02 14:56:12,630 - pyswarms.single.local_best - INFO - Optimization finished | best cost: 3.9463737668110266, best pos: [0.00683242 0.61125965 0.11636361 0.04573918 0.58826571 0.91226608
 0.28574039 0.97010964 0.22721535 0.12675688 0.19161726 0.68377199
 0.7526629  0.00930555 0.17458693 0.23034677 0.17986234 0.1103268
 0.03912437 0.29643392]
2024-11-02 14:56:12,644 - pyswarms.single.local_best - INFO - Optimize for 10 iters with {'c1': 3.3117590832513923, 'c2': 9.088518058401576, 'w': 2.426591196418785, 'k': 11, 'p': 1}
2024-11-02 14:56:12,682 - pyswarms.single.local_best - INFO - Optimization finished | best cost: 3.435877422867942, best pos: [0.02628898 0.1902789  0.03015434 0.60116956 0.13759011 0.2609625
 0.0164926  0.23101532 0.19059264 0.190539   0.18373924 0.1448521
 0.6642315  0.48332735 0.2981265  0.52052864 0.87462899 0.54217233
 0.19180568 0.79891568]
2024-11-02 14:56:12,698 - pyswarms.single.local_best - INFO - Optimize for 10 iters with {'c1': 3.1205669309247, 'c2': 7.674510792605489, 'w': 4.621775496964681, 'k': 14, 'p': 1}
2024-11-02 14:56:12,731 - pyswarms.single.local_best - INFO - Optimization finished | best cost: 4.564028123217872, best pos: [0.03369248 0.2394534  0.27106043 0.19475497 0.82712231 0.79014877
 0.90817319 0.50432054 0.30493371 0.56132653 0.06154562 0.31742908
 0.43621144 0.19747953 0.6895134  0.22812741 0.04508334 0.22656528
 0.82439396 0.06486406]
2024-11-02 14:56:12,743 - pyswarms.single.local_best - INFO - Optimize for 10 iters with {'c1': 3.493565910987093, 'c2': 8.368237771163534, 'w': 3.4852546007556917, 'k': 14, 'p': 1}
2024-11-02 14:56:12,776 - pyswarms.single.local_best - INFO - Optimization finished | best cost: 3.9648996319492005, best pos: [0.45007707 0.39685069 0.63238788 0.61736431 0.49279556 0.3923763
 0.08333451 0.40641112 0.59027322 0.35664313 0.04593302 0.3976546
 0.51695921 0.26479463 0.38256028 0.23124778 0.60379411 0.21672939
 0.08931835 0.81381935]
2024-11-02 14:56:12,824 - pyswarms.single.local_best - INFO - Optimize for 10 iters with {'c1': 1.0387325003484653, 'c2': 7.18482557937749, 'w': 2.8508699020994324, 'k': 11, 'p': 1}
2024-11-02 14:56:12,861 - pyswarms.single.local_best - INFO - Optimization finished | best cost: 4.654743220144002, best pos: [0.15727725 0.0872997  0.05561639 0.68554106 0.45622843 0.8874729
 0.06235236 0.04847637 0.90595964 0.11583358 0.59303521 0.35173015
 0.04191331 0.03811191 0.4940483  0.91835475 0.41450836 0.74165775
 0.14420251 0.06644152]
2024-11-02 14:56:12,876 - pyswarms.single.local_best - INFO - Optimize for 10 iters with {'c1': 1.590538747675275, 'c2': 8.404303409173949, 'w': 4.366041995325382, 'k': 12, 'p': 1}
2024-11-02 14:56:12,920 - pyswarms.single.local_best - INFO - Optimization finished | best cost: 4.665903190262412, best pos: [0.79029151 0.12235975 0.85543409 0.38708756 0.04372516 0.02132096
 0.25462206 0.28824918 0.31879883 0.47903399 0.47123404 0.06336395
 0.392155   0.88933458 0.67379501 0.33832508 0.17741664 0.76787503
 0.18566092 0.5182213 ]
2024-11-02 14:56:12,931 - pyswarms.single.local_best - INFO - Optimize for 10 iters with {'c1': 4.841997281370824, 'c2': 6.079606121254448, 'w': 2.272962612520562, 'k': 14, 'p': 1}
2024-11-02 14:56:12,964 - pyswarms.single.local_best - INFO - Optimization finished | best cost: 4.100423171914884, best pos: [0.19909403 0.05409397 0.94608279 0.16396327 0.64958119 0.27772364
 0.28572762 0.0402791  0.57006305 0.24707496 0.04331153 0.09205029
 0.62945991 0.40460419 0.05401955 0.04175613 0.44314154 0.99648459
 0.44182592 0.45610743]
2024-11-02 14:56:12,979 - pyswarms.single.local_best - INFO - Optimize for 10 iters with {'c1': 3.319691450386164, 'c2': 9.497307399545083, 'w': 4.326518386447538, 'k': 13, 'p': 1}
2024-11-02 14:56:13,012 - pyswarms.single.local_best - INFO - Optimization finished | best cost: 4.406277880305324, best pos: [0.51746783 0.58056987 0.41818811 0.08940572 0.53073007 0.35728165
 0.25900105 0.16507311 0.19449271 0.01243011 0.41739007 0.54896641
 0.26434313 0.75410233 0.00641912 0.73773873 0.041372   0.54368851
 0.93573462 0.49557818]
2024-11-02 14:56:13,028 - pyswarms.single.local_best - INFO - Optimize for 10 iters with {'c1': 1.5298371604378356, 'c2': 8.127310956910089, 'w': 4.441137083437525, 'k': 12, 'p': 1}
2024-11-02 14:56:13,059 - pyswarms.single.local_best - INFO - Optimization finished | best cost: 4.426922429614319, best pos: [0.56343892 0.04207102 0.44302583 0.60312417 0.20733989 0.64649931
 0.70424301 0.44041992 0.08190113 0.45361774 0.8947131  0.08569165
 0.11764911 0.76312892 0.63913662 0.17667313 0.25367122 0.02315044
 0.05111798 0.52252624]
2024-11-02 14:56:13,075 - pyswarms.single.local_best - INFO - Optimize for 10 iters with {'c1': 1.5007568438731878, 'c2': 8.54342940377266, 'w': 2.5744603499520053, 'k': 11, 'p': 1}
2024-11-02 14:56:13,103 - pyswarms.single.local_best - INFO - Optimization finished | best cost: 4.125238161751071, best pos: [0.29383561 0.08951811 0.25217774 0.29003219 0.60501737 0.28353408
 0.33167461 0.28555617 0.62522992 0.53871138 0.92524406 0.83789281
 0.14660749 0.22510094 0.3481741  0.03480167 0.32088984 0.27812768
 0.52186522 0.59887607]
2024-11-02 14:56:13,119 - pyswarms.single.local_best - INFO - Optimize for 10 iters with {'c1': 2.62758184024822, 'c2': 8.09922887425816, 'w': 4.452541948242161, 'k': 14, 'p': 1}
2024-11-02 14:56:13,149 - pyswarms.single.local_best - INFO - Optimization finished | best cost: 4.686472814865971, best pos: [0.72722074 0.46433031 0.28927684 0.33039383 0.20275144 0.67079224
 0.16388688 0.08214899 0.14287829 0.81072602 0.24557555 0.25581031
 0.02018925 0.97208872 0.18136986 0.28542016 0.92413759 0.65737947
 0.27406416 0.00714949]
2024-11-02 14:56:13,169 - pyswarms.single.local_best - INFO - Optimize for 10 iters with {'c1': 1.9350123367596206, 'c2': 7.431147000334809, 'w': 4.973204869000776, 'k': 11, 'p': 1}
2024-11-02 14:56:13,225 - pyswarms.single.local_best - INFO - Optimization finished | best cost: 4.344370922535829, best pos: [0.77563268 0.46620117 0.16609907 0.36013902 0.8389933  0.3964115
 0.19581982 0.25781815 0.73753028 0.31501676 0.47522315 0.20188238
 0.29520156 0.12980412 0.07936862 0.96125627 0.07263224 0.38519998
 0.50601643 0.22016293]
2024-11-02 14:56:13,259 - pyswarms.single.local_best - INFO - Optimize for 10 iters with {'c1': 3.365351305251051, 'c2': 9.26567557382999, 'w': 2.0238935339526463, 'k': 12, 'p': 1}
2024-11-02 14:56:13,299 - pyswarms.single.local_best - INFO - Optimization finished | best cost: 3.8984775940864353, best pos: [0.50715649 0.05637769 0.30838502 0.65729511 0.06102633 0.60570365
 0.19124356 0.22872587 0.26569125 0.1047598  0.39327747 0.09943953
 0.40831451 0.09468048 0.93643829 0.2567243  0.84908198 0.70749031
 0.16678636 0.19372941]
2024-11-02 14:56:13,315 - pyswarms.single.local_best - INFO - Optimize for 10 iters with {'c1': 3.3785640377919695, 'c2': 9.445100929754297, 'w': 4.806024609962474, 'k': 11, 'p': 1}
2024-11-02 14:56:13,348 - pyswarms.single.local_best - INFO - Optimization finished | best cost: 3.793289796900006, best pos: [0.59218733 0.50365978 0.0802219  0.06920681 0.49618853 0.45410725
 0.60382884 0.34197663 0.56278387 0.00867495 0.48371835 0.48544423
 0.36766788 0.94797747 0.30752131 0.23712956 0.23859877 0.13110211
 0.07852475 0.43859712]
2024-11-02 14:56:13,362 - pyswarms.single.local_best - INFO - Optimize for 10 iters with {'c1': 3.836875965144024, 'c2': 8.8077199688769, 'w': 4.31767214348681, 'k': 12, 'p': 1}
2024-11-02 14:56:13,392 - pyswarms.single.local_best - INFO - Optimization finished | best cost: 3.485554784445063, best pos: [0.09230536 0.14065329 0.52726238 0.02677051 0.31123157 0.24661689
 0.0455985  0.32987859 0.50454811 0.42369221 0.21032637 0.83116222
 0.59285352 0.00321206 0.22412382 0.15065788 0.47592753 0.34756119
 0.94135939 0.28794945]
2024-11-02 14:56:13,407 - pyswarms.single.local_best - INFO - Optimize for 10 iters with {'c1': 2.821740426158395, 'c2': 7.253096555538082, 'w': 3.5370263133281954, 'k': 11, 'p': 1}
2024-11-02 14:56:13,476 - pyswarms.single.local_best - INFO - Optimization finished | best cost: 3.7644881098214045, best pos: [0.2784688  0.31536878 0.55846584 0.66441608 0.39196995 0.28364989
 0.15338983 0.37302645 0.86130317 0.22594001 0.12708066 0.63160145
 0.16568277 0.61669741 0.40737457 0.45187532 0.17379965 0.49179587
 0.34545008 0.24515109]
2024-11-02 14:56:13,494 - pyswarms.single.local_best - INFO - Optimize for 10 iters with {'c1': 1.9633304901823467, 'c2': 7.821677734961929, 'w': 4.066388422892526, 'k': 13, 'p': 1}
2024-11-02 14:56:13,526 - pyswarms.single.local_best - INFO - Optimization finished | best cost: 4.3965891164889115, best pos: [0.15332267 0.89639219 0.25486419 0.40308527 0.05567433 0.3045035
 0.43546671 0.12210234 0.60309535 0.33069674 0.27483091 0.35591622
 0.49532221 0.49451355 0.1831946  0.70679096 0.04712561 0.46461782
 0.44037238 0.96511865]
2024-11-02 14:56:13,542 - pyswarms.single.local_best - INFO - Optimize for 10 iters with {'c1': 4.229288387832834, 'c2': 6.873177936296438, 'w': 2.1382523066447066, 'k': 11, 'p': 1}
2024-11-02 14:56:13,571 - pyswarms.single.local_best - INFO - Optimization finished | best cost: 5.076370611704025, best pos: [0.01916222 0.43890261 0.05583629 0.92641845 0.2337143  0.29236834
 0.06928223 0.2389434  0.61581497 0.36746659 0.51668746 0.29101686
 0.39328581 0.82537358 0.1952325  0.62263435 0.74241606 0.82328413
 0.61219064 0.29770234]
2024-11-02 14:56:13,595 - pyswarms.single.local_best - INFO - Optimize for 10 iters with {'c1': 1.6829135077908925, 'c2': 6.014022071239488, 'w': 4.683832309166753, 'k': 14, 'p': 1}
2024-11-02 14:56:13,627 - pyswarms.single.local_best - INFO - Optimization finished | best cost: 3.790087284338421, best pos: [0.40202902 0.03459058 0.48956666 0.44391821 0.27630204 0.17479452
 0.86152882 0.56373307 0.63191588 0.04991678 0.3675382  0.6617266
 0.32785153 0.24520517 0.36689315 0.24592828 0.35426314 0.09766116
 0.69196145 0.268834  ]
2024-11-02 14:56:13,645 - pyswarms.single.local_best - INFO - Optimize for 10 iters with {'c1': 4.946222038384095, 'c2': 9.007404991670745, 'w': 2.6926217106731607, 'k': 12, 'p': 1}
2024-11-02 14:56:13,678 - pyswarms.single.local_best - INFO - Optimization finished | best cost: 4.15001035149614, best pos: [0.26152763 0.57506048 0.3697496  0.28637193 0.75002654 0.2779696
 0.14542948 0.31734099 0.04253651 0.72693671 0.27811023 0.33201116
 0.01953476 0.14172895 0.91385152 0.92316955 0.23266059 0.24816973
 0.18462156 0.44166827]
2024-11-02 14:56:13,699 - pyswarms.single.local_best - INFO - Optimize for 10 iters with {'c1': 1.0181422114017833, 'c2': 7.530919176249201, 'w': 4.050941769107238, 'k': 14, 'p': 1}
2024-11-02 14:56:13,733 - pyswarms.single.local_best - INFO - Optimization finished | best cost: 3.168789219867477, best pos: [1.39950876e-01 1.65347293e-01 9.62124603e-01 2.38370585e-02
 6.76684671e-01 3.48265576e-01 1.14133721e-01 2.40837301e-01
 4.12051434e-01 3.37323723e-01 2.66986403e-04 1.15155318e-01
 9.75392267e-01 2.43061216e-01 7.01230807e-02 4.06555145e-01
 1.28721912e-01 1.44968453e-01 6.97983679e-02 1.59456789e-01]
2024-11-02 14:56:13,750 - pyswarms.single.local_best - INFO - Optimize for 10 iters with {'c1': 4.170109484943108, 'c2': 9.653086539962942, 'w': 4.176214382748318, 'k': 11, 'p': 1}
2024-11-02 14:56:13,786 - pyswarms.single.local_best - INFO - Optimization finished | best cost: 4.416400351633283, best pos: [0.22751764 0.15148944 0.66307035 0.06325761 0.52391513 0.02813087
 0.02669391 0.12876008 0.5864666  0.82384723 0.38517018 0.02035713
 0.62258377 0.49752901 0.62320721 0.49434249 0.11861798 0.40721546
 0.03500217 0.99246565]
2024-11-02 14:56:13,800 - pyswarms.single.local_best - INFO - Optimize for 10 iters with {'c1': 4.234034369917586, 'c2': 8.099948402586776, 'w': 3.679567040794876, 'k': 12, 'p': 1}
2024-11-02 14:56:13,833 - pyswarms.single.local_best - INFO - Optimization finished | best cost: 4.397429703416639, best pos: [0.50630417 0.15501531 0.06124872 0.45312006 0.58278333 0.82034803
 0.66756539 0.28187196 0.0218566  0.38264696 0.38395725 0.28029978
 0.59984214 0.46003575 0.74792878 0.61078336 0.59244602 0.16451261
 0.24576566 0.2346102 ]
2024-11-02 14:56:13,854 - pyswarms.single.local_best - INFO - Optimize for 10 iters with {'c1': 2.64076098647955, 'c2': 8.766227360887688, 'w': 4.571150614598134, 'k': 11, 'p': 1}
2024-11-02 14:56:13,932 - pyswarms.single.local_best - INFO - Optimization finished | best cost: 3.7822525501315614, best pos: [0.11035253 0.24621492 0.88765004 0.19088054 0.41056136 0.89101876
 0.22581722 0.08762128 0.22161575 0.415465   0.00663479 0.40408384
 0.23158057 0.59939919 0.39475309 0.5093528  0.08673345 0.47407727
 0.52730723 0.37468997]
2024-11-02 14:56:13,946 - pyswarms.single.local_best - INFO - Optimize for 10 iters with {'c1': 1.1750054130375975, 'c2': 8.900743328631346, 'w': 2.1906233425730166, 'k': 11, 'p': 1}
2024-11-02 14:56:13,978 - pyswarms.single.local_best - INFO - Optimization finished | best cost: 4.02442168825276, best pos: [0.18458826 0.29878245 0.06222087 0.19588631 0.41682123 0.09276295
 0.30857265 0.17893532 0.00961085 0.8150221  0.4125242  0.28523148
 0.43494259 0.81010643 0.71557247 0.23668856 0.31262083 0.75345379
 0.74354456 0.0396579 ]
2024-11-02 14:56:13,995 - pyswarms.single.local_best - INFO - Optimize for 10 iters with {'c1': 3.323841723368119, 'c2': 8.745281130904441, 'w': 4.369095586704888, 'k': 12, 'p': 1}
2024-11-02 14:56:14,028 - pyswarms.single.local_best - INFO - Optimization finished | best cost: 4.409150157420968, best pos: [0.31550976 0.02697239 0.32630386 0.30683223 0.74863952 0.15278207
 0.46264589 0.74016934 0.8196141  0.1804257  0.00307559 0.28164359
 0.98259921 0.0357942  0.12004121 0.10873794 0.70443408 0.27043323
 0.63107451 0.13518347]
2024-11-02 14:56:14,044 - pyswarms.single.local_best - INFO - Optimize for 10 iters with {'c1': 2.2097150121335063, 'c2': 8.213232608365702, 'w': 4.537817320267122, 'k': 12, 'p': 1}
2024-11-02 14:56:14,076 - pyswarms.single.local_best - INFO - Optimization finished | best cost: 3.3204291878802477, best pos: [0.4536637  0.23277028 0.25357515 0.41078845 0.02649916 0.79810306
 0.20433842 0.58215241 0.46265287 0.3891371  0.02349743 0.23850388
 0.64330554 0.21228198 0.12432438 0.00246093 0.58396984 0.3276436
 0.50458645 0.45695096]
2024-11-02 14:56:14,090 - pyswarms.single.local_best - INFO - Optimize for 10 iters with {'c1': 4.547922317963338, 'c2': 8.326687155997773, 'w': 4.6254050371988775, 'k': 13, 'p': 1}
2024-11-02 14:56:14,122 - pyswarms.single.local_best - INFO - Optimization finished | best cost: 3.359759108662819, best pos: [0.64305716 0.16672656 0.77633515 0.66230391 0.46382966 0.06734105
 0.24684151 0.0703992  0.25398586 0.23234072 0.47395688 0.367647
 0.43931362 0.71952928 0.36672013 0.20100213 0.26626424 0.14236036
 0.09681966 0.3565173 ]
2024-11-02 14:56:14,139 - pyswarms.single.local_best - INFO - Optimize for 10 iters with {'c1': 1.4187255247481558, 'c2': 6.453756677146478, 'w': 2.6173467499928877, 'k': 12, 'p': 1}
2024-11-02 14:56:14,173 - pyswarms.single.local_best - INFO - Optimization finished | best cost: 3.7191584336474848, best pos: [0.29972575 0.27960281 0.2370706  0.45821687 0.21065403 0.24340339
 0.53731986 0.32421467 0.47326468 0.67097855 0.2691282  0.41404444
 0.2742628  0.28621372 0.75510772 0.35341781 0.8100126  0.32942846
 0.50111493 0.03856897]
2024-11-02 14:56:14,232 - pyswarms.single.local_best - INFO - Optimize for 10 iters with {'c1': 4.684634647743181, 'c2': 9.361469450883027, 'w': 3.8402024177231255, 'k': 11, 'p': 1}
2024-11-02 14:56:14,278 - pyswarms.single.local_best - INFO - Optimization finished | best cost: 3.50188066161479, best pos: [0.70445008 0.26061953 0.30181769 0.41161371 0.23758814 0.65117751
 0.20334187 0.22972106 0.2794956  0.82870622 0.09938246 0.39840598
 0.40507934 0.17094063 0.441398   0.41545559 0.2084934  0.08055527
 0.74726426 0.00211305]
2024-11-02 14:56:14,292 - pyswarms.single.local_best - INFO - Optimize for 10 iters with {'c1': 3.6423927129403726, 'c2': 8.509128081011179, 'w': 2.9783999053426844, 'k': 14, 'p': 1}
2024-11-02 14:56:14,327 - pyswarms.single.local_best - INFO - Optimization finished | best cost: 3.5672196863334142, best pos: [0.39550713 0.30582359 0.40401262 0.26537809 0.46049531 0.20886753
 0.1054235  0.23485203 0.07887092 0.59285711 0.54183955 0.44667766
 0.49566087 0.61713717 0.71445565 0.5819077  0.4827977  0.04016618
 0.20476254 0.39826568]
2024-11-02 14:56:14,341 - pyswarms.single.local_best - INFO - Optimize for 10 iters with {'c1': 3.1386480396746834, 'c2': 7.1051587750163225, 'w': 2.665801490242168, 'k': 14, 'p': 1}
2024-11-02 14:56:14,374 - pyswarms.single.local_best - INFO - Optimization finished | best cost: 3.768169983038035, best pos: [0.71788973 0.13437633 0.52355601 0.23734149 0.54193643 0.22078276
 0.39297024 0.25776021 0.62241459 0.09501295 0.47670067 0.03223769
 0.62961453 0.50064461 0.21679745 0.99424602 0.15562402 0.05671631
 0.01943953 0.07674618]
2024-11-02 14:56:14,390 - pyswarms.single.local_best - INFO - Optimize for 10 iters with {'c1': 1.0923897549961294, 'c2': 9.509567598542596, 'w': 3.011007469056559, 'k': 12, 'p': 1}
2024-11-02 14:56:14,418 - pyswarms.single.local_best - INFO - Optimization finished | best cost: 3.8411979261545346, best pos: [0.09052667 0.54941542 0.20982379 0.58197175 0.66512083 0.46565252
 0.37685672 0.20773623 0.41053202 0.41957991 0.16621828 0.10690687
 0.1129886  0.14433278 0.50464003 0.59080391 0.88370201 0.52899305
 0.08271276 0.46419843]
2024-11-02 14:56:14,431 - pyswarms.single.local_best - INFO - Optimize for 10 iters with {'c1': 1.8117608775664475, 'c2': 9.036516906651322, 'w': 2.4965423168320666, 'k': 11, 'p': 1}
2024-11-02 14:56:14,465 - pyswarms.single.local_best - INFO - Optimization finished | best cost: 4.177446166641407, best pos: [0.06016475 0.53896056 0.16328121 0.47413627 0.04264828 0.42976179
 0.11044771 0.21133414 0.19199243 0.57249609 0.67204278 0.76411651
 0.52622292 0.54968687 0.148224   0.32329357 0.15253981 0.72371324
 0.07567003 0.85444024]
2024-11-02 14:56:14,480 - pyswarms.single.local_best - INFO - Optimize for 10 iters with {'c1': 4.653741908552902, 'c2': 7.186691427918677, 'w': 3.3745536243832515, 'k': 11, 'p': 1}
2024-11-02 14:56:14,511 - pyswarms.single.local_best - INFO - Optimization finished | best cost: 4.3379269024794915, best pos: [1.23221242e-01 8.62159865e-01 3.74828815e-01 2.96651892e-01
 1.38789360e-02 8.76280983e-01 5.50051840e-01 4.64468336e-01
 5.18564835e-01 3.26848201e-01 4.45536331e-01 7.91677271e-02
 4.20796604e-02 3.98429263e-01 2.10684126e-01 5.53036376e-01
 8.98424555e-01 4.06818594e-01 2.53794751e-02 8.93550249e-04]
2024-11-02 14:56:14,526 - pyswarms.single.local_best - INFO - Optimize for 10 iters with {'c1': 3.06009126429131, 'c2': 7.799334431533813, 'w': 2.9148708563012264, 'k': 11, 'p': 1}
2024-11-02 14:56:14,605 - pyswarms.single.local_best - INFO - Optimization finished | best cost: 2.722106386163507, best pos: [0.0061373  0.56886026 0.17740963 0.29800859 0.02036661 0.23559971
 0.36780345 0.22757909 0.24413168 0.37286854 0.17756458 0.21505511
 0.38882151 0.94053559 0.25760632 0.25371783 0.15964097 0.0208263
 0.6482723  0.38220626]
2024-11-02 14:56:14,624 - pyswarms.single.local_best - INFO - Optimize for 10 iters with {'c1': 4.223983941321284, 'c2': 7.324192142218919, 'w': 4.693208277831964, 'k': 14, 'p': 1}
2024-11-02 14:56:14,652 - pyswarms.single.local_best - INFO - Optimization finished | best cost: 3.3347048775403394, best pos: [0.08576309 0.53812627 0.45004599 0.18951205 0.48266217 0.75118486
 0.07381622 0.26099405 0.08271389 0.55750885 0.05034612 0.04037098
 0.14852215 0.02333286 0.0498187  0.85294587 0.15142916 0.04741885
 0.30405976 0.85816639]
2024-11-02 14:56:14,667 - pyswarms.single.local_best - INFO - Optimize for 10 iters with {'c1': 3.1878404825267457, 'c2': 6.6845448358505575, 'w': 3.9620104147250648, 'k': 11, 'p': 1}
2024-11-02 14:56:14,705 - pyswarms.single.local_best - INFO - Optimization finished | best cost: 4.028207936542951, best pos: [0.84603094 0.18395462 0.75099416 0.13665885 0.23048933 0.89671213
 0.69586844 0.09549243 0.35368356 0.19200489 0.01412792 0.62134532
 0.21792013 0.29947908 0.0825515  0.36897104 0.62532697 0.01372928
 0.3151624  0.16264769]
2024-11-02 14:56:14,727 - pyswarms.single.local_best - INFO - Optimize for 10 iters with {'c1': 3.1135612720614327, 'c2': 8.831512462685122, 'w': 2.5729523683342452, 'k': 14, 'p': 1}
2024-11-02 14:56:14,760 - pyswarms.single.local_best - INFO - Optimization finished | best cost: 4.015082723888534, best pos: [0.84670831 0.46406375 0.18035063 0.19501877 0.34042498 0.24023166
 0.46405129 0.23316244 0.22479953 0.35964088 0.38483701 0.01984097
 0.30124484 0.17732261 0.32137642 0.99854307 0.2914251  0.80998773
 0.32383385 0.41489238]
2024-11-02 14:56:14,780 - pyswarms.single.local_best - INFO - Optimize for 10 iters with {'c1': 1.8610696147539825, 'c2': 9.134039832842948, 'w': 2.3907793982358867, 'k': 14, 'p': 1}
2024-11-02 14:56:14,812 - pyswarms.single.local_best - INFO - Optimization finished | best cost: 4.0140144251042615, best pos: [0.23212726 0.70759187 0.14365979 0.09350506 0.46313977 0.49654751
 0.00312105 0.56936875 0.82976759 0.31941949 0.06636328 0.42836787
 0.0914978  0.1925044  0.67359091 0.81251847 0.00462618 0.6616243
 0.09794312 0.2442692 ]
2024-11-02 14:56:14,827 - pyswarms.single.local_best - INFO - Optimize for 10 iters with {'c1': 2.3002497468067578, 'c2': 7.934656097959034, 'w': 3.7162928266385156, 'k': 14, 'p': 1}
2024-11-02 14:56:14,878 - pyswarms.single.local_best - INFO - Optimization finished | best cost: 3.254039265286715, best pos: [0.0761263  0.02245055 0.41820849 0.43612549 0.16351294 0.47912497
 0.04597236 0.66447161 0.15274118 0.40424954 0.1016856  0.48787483
 0.77354278 0.36372767 0.44460867 0.13926185 0.30110594 0.18018036
 0.8212673  0.04740226]
2024-11-02 14:56:14,906 - pyswarms.single.local_best - INFO - Optimize for 10 iters with {'c1': 1.9174289690267727, 'c2': 9.34664864431679, 'w': 2.105622888702567, 'k': 12, 'p': 1}
2024-11-02 14:56:14,945 - pyswarms.single.local_best - INFO - Optimization finished | best cost: 4.3668242971404405, best pos: [0.06939132 0.14039389 0.98890766 0.58656204 0.19615552 0.17167572
 0.90485074 0.19693251 0.09900601 0.01807869 0.06463341 0.72023659
 0.10868825 0.50920928 0.05434165 0.54399567 0.51701752 0.67209245
 0.16262621 0.49630337]
2024-11-02 14:56:14,959 - pyswarms.single.local_best - INFO - Optimize for 10 iters with {'c1': 1.8585069176037208, 'c2': 6.840219805557085, 'w': 3.9825434685020524, 'k': 13, 'p': 1}
2024-11-02 14:56:14,991 - pyswarms.single.local_best - INFO - Optimization finished | best cost: 4.43840884020193, best pos: [0.21132713 0.5260597  0.38321997 0.22153506 0.50781708 0.89489539
 0.18083179 0.85901387 0.39172727 0.28826113 0.07984004 0.6341676
 0.70960468 0.20960446 0.74740841 0.3876428  0.00607089 0.22155853
 0.30379952 0.22110775]
2024-11-02 14:56:15,010 - pyswarms.single.local_best - INFO - Optimize for 10 iters with {'c1': 2.9562212900009843, 'c2': 7.732240616807184, 'w': 3.745661239592478, 'k': 14, 'p': 1}
2024-11-02 14:56:15,041 - pyswarms.single.local_best - INFO - Optimization finished | best cost: 3.299819041988779, best pos: [0.14604072 0.33179465 0.93869347 0.31208979 0.14663132 0.45876583
 0.28426378 0.30698858 0.84771468 0.22999051 0.16536783 0.57587382
 0.32791886 0.39120369 0.18363693 0.40153711 0.35011705 0.07710736
 0.04118411 0.25807164]
2024-11-02 14:56:15,057 - pyswarms.single.local_best - INFO - Optimize for 10 iters with {'c1': 3.1331217788755494, 'c2': 6.107473066090904, 'w': 4.980601014743801, 'k': 13, 'p': 1}
2024-11-02 14:56:15,086 - pyswarms.single.local_best - INFO - Optimization finished | best cost: 3.9536594688450686, best pos: [0.52019534 0.58106868 0.08366142 0.01825402 0.07781511 0.07458534
 0.35454581 0.10096834 0.46078959 0.25551903 0.36223843 0.25746395
 0.69065882 0.45986541 0.52679547 0.4564925  0.68562375 0.31517401
 0.37884303 0.91001365]
2024-11-02 14:56:15,102 - pyswarms.single.local_best - INFO - Optimize for 10 iters with {'c1': 4.886853904140402, 'c2': 9.12873243549112, 'w': 4.232202975400456, 'k': 14, 'p': 1}
2024-11-02 14:56:15,157 - pyswarms.single.local_best - INFO - Optimization finished | best cost: 3.8147197967921618, best pos: [0.43082056 0.53021441 0.13018155 0.68341255 0.15729205 0.41869879
 0.47482906 0.18047571 0.10395823 0.08193763 0.24463971 0.92540708
 0.72612885 0.5600794  0.15560161 0.6757378  0.34456053 0.17518881
 0.02345659 0.02014643]
2024-11-02 14:56:15,194 - pyswarms.single.local_best - INFO - Optimize for 10 iters with {'c1': 3.324022810032171, 'c2': 9.848670412879319, 'w': 2.368998401407393, 'k': 13, 'p': 1}
2024-11-02 14:56:15,240 - pyswarms.single.local_best - INFO - Optimization finished | best cost: 4.381092909624159, best pos: [0.50082427 0.10394814 0.25189268 0.95680954 0.45978339 0.88137078
 0.62689949 0.36700359 0.05813368 0.36883077 0.26288791 0.47686356
 0.24240502 0.08582285 0.17932009 0.2437404  0.71492345 0.69689014
 0.18499167 0.00312927]
2024-11-02 14:56:15,253 - pyswarms.single.local_best - INFO - Optimize for 10 iters with {'c1': 4.027620155370954, 'c2': 7.328983076610431, 'w': 3.5628728914301493, 'k': 12, 'p': 1}
2024-11-02 14:56:15,294 - pyswarms.single.local_best - INFO - Optimization finished | best cost: 3.3051194963954997, best pos: [0.9456328  0.58111138 0.09031997 0.03006633 0.05863511 0.1000745
 0.41849538 0.2925327  0.28781368 0.11973618 0.41824869 0.4751944
 0.17570771 0.02685226 0.22619797 0.89871295 0.53339562 0.15082672
 0.11411492 0.28519737]
2024-11-02 14:56:15,310 - pyswarms.single.local_best - INFO - Optimize for 10 iters with {'c1': 1.1249521234678128, 'c2': 8.559370639383921, 'w': 4.513948988317315, 'k': 13, 'p': 1}
2024-11-02 14:56:15,339 - pyswarms.single.local_best - INFO - Optimization finished | best cost: 4.3173735632564405, best pos: [0.42228501 0.10347771 0.1033206  0.35365378 0.86582269 0.76124828
 0.30006021 0.27936408 0.32645489 0.21593337 0.35397507 0.72424564
 0.1821379  0.31574407 0.59040346 0.74028598 0.3863227  0.28057477
 0.64278677 0.14739871]
2024-11-02 14:56:15,354 - pyswarms.single.local_best - INFO - Optimize for 10 iters with {'c1': 1.288114337225918, 'c2': 6.213930858492115, 'w': 3.5821977119385755, 'k': 14, 'p': 1}
2024-11-02 14:56:15,382 - pyswarms.single.local_best - INFO - Optimization finished | best cost: 4.323706345489234, best pos: [0.94107382 0.46441155 0.337704   0.49156142 0.32877791 0.13905493
 0.62457566 0.48496615 0.16197274 0.52919901 0.09989736 0.12786769
 0.22914857 0.14479097 0.29152826 0.97193286 0.61930674 0.15519371
 0.39804765 0.33498304]
2024-11-02 14:56:15,398 - pyswarms.single.local_best - INFO - Optimize for 10 iters with {'c1': 1.9722805858139427, 'c2': 8.081891642684939, 'w': 4.892719870651247, 'k': 13, 'p': 1}
2024-11-02 14:56:15,446 - pyswarms.single.local_best - INFO - Optimization finished | best cost: 3.5260056722021966, best pos: [0.01944905 0.1460571  0.21167646 0.6537019  0.15925858 0.08126337
 0.3678386  0.06577971 0.28472251 0.22082004 0.98403011 0.6958568
 0.22681199 0.48787925 0.41211224 0.13089925 0.11796232 0.52262213
 0.32778175 0.63817806]
2024-11-02 14:56:15,480 - pyswarms.single.local_best - INFO - Optimize for 10 iters with {'c1': 3.878430214623924, 'c2': 7.887892135949991, 'w': 3.0581708560334193, 'k': 13, 'p': 1}
2024-11-02 14:56:15,526 - pyswarms.single.local_best - INFO - Optimization finished | best cost: 3.8530435770792244, best pos: [0.07728512 0.19499302 0.55286449 0.29999646 0.80245997 0.55657716
 0.34235563 0.19043606 0.02156838 0.1946782  0.569112   0.43073243
 0.40635894 0.84218381 0.31209192 0.10060143 0.20827725 0.06618572
 0.8533415  0.02322366]
2024-11-02 14:56:15,544 - pyswarms.single.local_best - INFO - Optimize for 10 iters with {'c1': 2.0312113232324953, 'c2': 9.999838019425276, 'w': 3.8921131808315614, 'k': 11, 'p': 1}
2024-11-02 14:56:15,579 - pyswarms.single.local_best - INFO - Optimization finished | best cost: 4.111814700824287, best pos: [0.08855876 0.46648553 0.1038648  0.31546689 0.70873793 0.69499954
 0.40381268 0.85666354 0.06970797 0.08147558 0.30418173 0.06624542
 0.63512072 0.39676081 0.40294198 0.12824385 0.46182728 0.0834469
 0.41352146 0.80902328]
